
  .   ____          _            __ _ _
 /\\ / ___'_ __ _ _(_)_ __  __ _ \ \ \ \
( ( )\___ | '_ | '_| | '_ \/ _` | \ \ \ \
 \\/  ___)| |_)| | | | | || (_| |  ) ) ) )
  '  |____| .__|_| |_|_| |_\__, | / / / /
 =========|_|==============|___/=/_/_/_/
 :: Spring Boot ::        (v1.4.0.RELEASE)

2016-11-18 00:12:38  INFO [StartupInfoLogger.java:48]  INFO Starting SpringbootdemoApplication v0.0.1 on rich1-Vostro-2521 with PID 9064 (/home/rich1/code/java/project/springbootdemo/target/springbootdemo-0.0.1.jar started by rich1 in /home/rich1/code/java/project/springbootdemo/target) 
2016-11-18 00:12:38  INFO [SpringApplication.java:659]  INFO No active profile set, falling back to default profiles: default 
2016-11-18 00:12:38  INFO [AbstractApplicationContext.java:581]  INFO Refreshing org.springframework.boot.context.embedded.AnnotationConfigEmbeddedWebApplicationContext@443b7951: startup date [Fri Nov 18 00:12:38 CST 2016]; root of context hierarchy 
2016-11-18 00:12:38  INFO [Version.java:30]  INFO HV000001: Hibernate Validator 5.2.4.Final 
2016-11-18 00:12:40  INFO [RepositoryConfigurationDelegate.java:166]  INFO Multiple Spring Data modules found, entering strict repository configuration mode! 
2016-11-18 00:12:41  INFO [RepositoryConfigurationDelegate.java:166]  INFO Multiple Spring Data modules found, entering strict repository configuration mode! 
2016-11-18 00:12:41  INFO [RepositoryConfigurationExtensionSupport.java:283]  INFO Spring Data MongoDB - Could not safely identify store assignment for repository candidate interface com.boot.repository.PersonRepository. 
2016-11-18 00:12:41  INFO [RepositoryConfigurationExtensionSupport.java:283]  INFO Spring Data MongoDB - Could not safely identify store assignment for repository candidate interface com.boot.repository.FatherRepository. 
2016-11-18 00:12:41  INFO [RepositoryConfigurationExtensionSupport.java:283]  INFO Spring Data MongoDB - Could not safely identify store assignment for repository candidate interface com.boot.repository.SonRepository. 
2016-11-18 00:12:41  INFO [RepositoryConfigurationExtensionSupport.java:283]  INFO Spring Data MongoDB - Could not safely identify store assignment for repository candidate interface com.boot.repository.UserRepository. 
2016-11-18 00:12:41  INFO [RepositoryConfigurationExtensionSupport.java:283]  INFO Spring Data MongoDB - Could not safely identify store assignment for repository candidate interface com.boot.repository.RoleRepository. 
2016-11-18 00:12:41  INFO [DefaultListableBeanFactory.java:843]  INFO Overriding bean definition for bean 'personMongoRepository' with a different definition: replacing [Root bean: class [org.springframework.data.jpa.repository.support.JpaRepositoryFactoryBean]; scope=; abstract=false; lazyInit=false; autowireMode=0; dependencyCheck=0; autowireCandidate=true; primary=false; factoryBeanName=null; factoryMethodName=null; initMethodName=null; destroyMethodName=null] with [Root bean: class [org.springframework.data.mongodb.repository.support.MongoRepositoryFactoryBean]; scope=; abstract=false; lazyInit=false; autowireMode=0; dependencyCheck=0; autowireCandidate=true; primary=false; factoryBeanName=null; factoryMethodName=null; initMethodName=null; destroyMethodName=null] 
2016-11-18 00:12:41  INFO [RepositoryConfigurationDelegate.java:166]  INFO Multiple Spring Data modules found, entering strict repository configuration mode! 
2016-11-18 00:12:41  INFO [RepositoryConfigurationExtensionSupport.java:283]  INFO Spring Data Redis - Could not safely identify store assignment for repository candidate interface com.boot.repository.PersonMongoRepository. 
2016-11-18 00:12:41  INFO [RepositoryConfigurationExtensionSupport.java:283]  INFO Spring Data Redis - Could not safely identify store assignment for repository candidate interface com.boot.repository.PersonRepository. 
2016-11-18 00:12:41  INFO [RepositoryConfigurationExtensionSupport.java:283]  INFO Spring Data Redis - Could not safely identify store assignment for repository candidate interface com.boot.repository.FatherRepository. 
2016-11-18 00:12:41  INFO [RepositoryConfigurationExtensionSupport.java:283]  INFO Spring Data Redis - Could not safely identify store assignment for repository candidate interface com.boot.repository.SonRepository. 
2016-11-18 00:12:41  INFO [RepositoryConfigurationExtensionSupport.java:283]  INFO Spring Data Redis - Could not safely identify store assignment for repository candidate interface com.boot.repository.UserRepository. 
2016-11-18 00:12:41  INFO [RepositoryConfigurationExtensionSupport.java:283]  INFO Spring Data Redis - Could not safely identify store assignment for repository candidate interface com.boot.repository.RoleRepository. 
2016-11-18 00:12:42  INFO [PostProcessorRegistrationDelegate.java:328]  INFO Bean 'org.springframework.transaction.annotation.ProxyTransactionManagementConfiguration' of type [class org.springframework.transaction.annotation.ProxyTransactionManagementConfiguration$$EnhancerBySpringCGLIB$$80a58b2f] is not eligible for getting processed by all BeanPostProcessors (for example: not eligible for auto-proxying) 
2016-11-18 00:12:42  INFO [TomcatEmbeddedServletContainer.java:88]  INFO Tomcat initialized with port(s): 8080 (http) 
Nov 18, 2016 12:12:42 AM org.apache.catalina.core.StandardService startInternal
INFO: Starting service Tomcat
Nov 18, 2016 12:12:42 AM org.apache.catalina.core.StandardEngine startInternal
INFO: Starting Servlet Engine: Apache Tomcat/8.5.4
Nov 18, 2016 12:12:43 AM org.apache.catalina.core.ApplicationContext log
INFO: Initializing Spring embedded WebApplicationContext
2016-11-18 00:12:43  INFO [EmbeddedWebApplicationContext.java:276]  INFO Root WebApplicationContext: initialization completed in 4904 ms 
2016-11-18 00:12:43  INFO [ServletRegistrationBean.java:190]  INFO Mapping servlet: 'dispatcherServlet' to [/] 
2016-11-18 00:12:43  INFO [AbstractFilterRegistrationBean.java:258]  INFO Mapping filter: 'characterEncodingFilter' to: [/*] 
2016-11-18 00:12:43  INFO [AbstractFilterRegistrationBean.java:258]  INFO Mapping filter: 'hiddenHttpMethodFilter' to: [/*] 
2016-11-18 00:12:43  INFO [AbstractFilterRegistrationBean.java:258]  INFO Mapping filter: 'httpPutFormContentFilter' to: [/*] 
2016-11-18 00:12:43  INFO [AbstractFilterRegistrationBean.java:258]  INFO Mapping filter: 'requestContextFilter' to: [/*] 
2016-11-18 00:12:43  INFO [LocalContainerEntityManagerFactoryBean.java:334]  INFO Building JPA container EntityManagerFactory for persistence unit 'default' 
2016-11-18 00:12:44  INFO [LogHelper.java:31]  INFO HHH000204: Processing PersistenceUnitInfo [
	name: default
	...] 
2016-11-18 00:12:44  INFO [Version.java:37]  INFO HHH000412: Hibernate Core {5.0.9.Final} 
2016-11-18 00:12:44  INFO [Environment.java:213]  INFO HHH000206: hibernate.properties not found 
2016-11-18 00:12:44  INFO [Environment.java:317]  INFO HHH000021: Bytecode provider name : javassist 
2016-11-18 00:12:44  INFO [JavaReflectionManager.java:66]  INFO HCANN000001: Hibernate Commons Annotations {5.0.1.Final} 
Fri Nov 18 00:12:44 CST 2016 WARN: Establishing SSL connection without server's identity verification is not recommended. According to MySQL 5.5.45+, 5.6.26+ and 5.7.6+ requirements SSL connection must be established by default if explicit option isn't set. For compliance with existing applications not using SSL the verifyServerCertificate property is set to 'false'. You need either to explicitly disable SSL by setting useSSL=false, or set useSSL=true and provide truststore for server certificate verification.
Fri Nov 18 00:12:44 CST 2016 WARN: Establishing SSL connection without server's identity verification is not recommended. According to MySQL 5.5.45+, 5.6.26+ and 5.7.6+ requirements SSL connection must be established by default if explicit option isn't set. For compliance with existing applications not using SSL the verifyServerCertificate property is set to 'false'. You need either to explicitly disable SSL by setting useSSL=false, or set useSSL=true and provide truststore for server certificate verification.
Fri Nov 18 00:12:44 CST 2016 WARN: Establishing SSL connection without server's identity verification is not recommended. According to MySQL 5.5.45+, 5.6.26+ and 5.7.6+ requirements SSL connection must be established by default if explicit option isn't set. For compliance with existing applications not using SSL the verifyServerCertificate property is set to 'false'. You need either to explicitly disable SSL by setting useSSL=false, or set useSSL=true and provide truststore for server certificate verification.
Fri Nov 18 00:12:44 CST 2016 WARN: Establishing SSL connection without server's identity verification is not recommended. According to MySQL 5.5.45+, 5.6.26+ and 5.7.6+ requirements SSL connection must be established by default if explicit option isn't set. For compliance with existing applications not using SSL the verifyServerCertificate property is set to 'false'. You need either to explicitly disable SSL by setting useSSL=false, or set useSSL=true and provide truststore for server certificate verification.
Fri Nov 18 00:12:44 CST 2016 WARN: Establishing SSL connection without server's identity verification is not recommended. According to MySQL 5.5.45+, 5.6.26+ and 5.7.6+ requirements SSL connection must be established by default if explicit option isn't set. For compliance with existing applications not using SSL the verifyServerCertificate property is set to 'false'. You need either to explicitly disable SSL by setting useSSL=false, or set useSSL=true and provide truststore for server certificate verification.
Fri Nov 18 00:12:44 CST 2016 WARN: Establishing SSL connection without server's identity verification is not recommended. According to MySQL 5.5.45+, 5.6.26+ and 5.7.6+ requirements SSL connection must be established by default if explicit option isn't set. For compliance with existing applications not using SSL the verifyServerCertificate property is set to 'false'. You need either to explicitly disable SSL by setting useSSL=false, or set useSSL=true and provide truststore for server certificate verification.
Fri Nov 18 00:12:44 CST 2016 WARN: Establishing SSL connection without server's identity verification is not recommended. According to MySQL 5.5.45+, 5.6.26+ and 5.7.6+ requirements SSL connection must be established by default if explicit option isn't set. For compliance with existing applications not using SSL the verifyServerCertificate property is set to 'false'. You need either to explicitly disable SSL by setting useSSL=false, or set useSSL=true and provide truststore for server certificate verification.
Fri Nov 18 00:12:44 CST 2016 WARN: Establishing SSL connection without server's identity verification is not recommended. According to MySQL 5.5.45+, 5.6.26+ and 5.7.6+ requirements SSL connection must be established by default if explicit option isn't set. For compliance with existing applications not using SSL the verifyServerCertificate property is set to 'false'. You need either to explicitly disable SSL by setting useSSL=false, or set useSSL=true and provide truststore for server certificate verification.
Fri Nov 18 00:12:44 CST 2016 WARN: Establishing SSL connection without server's identity verification is not recommended. According to MySQL 5.5.45+, 5.6.26+ and 5.7.6+ requirements SSL connection must be established by default if explicit option isn't set. For compliance with existing applications not using SSL the verifyServerCertificate property is set to 'false'. You need either to explicitly disable SSL by setting useSSL=false, or set useSSL=true and provide truststore for server certificate verification.
Fri Nov 18 00:12:44 CST 2016 WARN: Establishing SSL connection without server's identity verification is not recommended. According to MySQL 5.5.45+, 5.6.26+ and 5.7.6+ requirements SSL connection must be established by default if explicit option isn't set. For compliance with existing applications not using SSL the verifyServerCertificate property is set to 'false'. You need either to explicitly disable SSL by setting useSSL=false, or set useSSL=true and provide truststore for server certificate verification.
2016-11-18 00:12:44  INFO [Dialect.java:156]  INFO HHH000400: Using dialect: org.hibernate.dialect.MySQL5Dialect 
2016-11-18 00:12:45  INFO [SchemaUpdate.java:105]  INFO HHH000228: Running hbm2ddl schema update 
2016-11-18 00:12:45  INFO [AbstractEntityManagerFactoryBean.java:382]  INFO Initialized JPA EntityManagerFactory for persistence unit 'default' 
开始连接mongo:
2016-11-18 00:12:46  INFO [SLF4JLogger.java:71]  INFO Cluster created with settings {hosts=[115.159.210.190:27017], mode=SINGLE, requiredClusterType=UNKNOWN, serverSelectionTimeout='30000 ms', maxWaitQueueSize=50} 
2016-11-18 00:12:46  INFO [SLF4JLogger.java:76]  INFO Exception in monitor thread while connecting to server 115.159.210.190:27017 
com.mongodb.MongoSocketOpenException: Exception opening socket
	at com.mongodb.connection.SocketStream.open(SocketStream.java:63)
	at com.mongodb.connection.InternalStreamConnection.open(InternalStreamConnection.java:114)
	at com.mongodb.connection.DefaultServerMonitor$ServerMonitorRunnable.run(DefaultServerMonitor.java:128)
	at java.lang.Thread.run(Thread.java:745)
Caused by: java.net.NoRouteToHostException: No route to host
	at java.net.PlainSocketImpl.socketConnect(Native Method)
	at java.net.AbstractPlainSocketImpl.doConnect(AbstractPlainSocketImpl.java:350)
	at java.net.AbstractPlainSocketImpl.connectToAddress(AbstractPlainSocketImpl.java:206)
	at java.net.AbstractPlainSocketImpl.connect(AbstractPlainSocketImpl.java:188)
	at java.net.SocksSocketImpl.connect(SocksSocketImpl.java:392)
	at java.net.Socket.connect(Socket.java:589)
	at com.mongodb.connection.SocketStreamHelper.initialize(SocketStreamHelper.java:50)
	at com.mongodb.connection.SocketStream.open(SocketStream.java:58)
	... 3 more
hello
what
2016-11-18 00:12:46  INFO [QueryTranslatorFactoryInitiator.java:47]  INFO HHH000397: Using ASTQueryTranslatorFactory 
2016-11-18 00:12:47  INFO [RequestMappingHandlerAdapter.java:534]  INFO Looking for @ControllerAdvice: org.springframework.boot.context.embedded.AnnotationConfigEmbeddedWebApplicationContext@443b7951: startup date [Fri Nov 18 00:12:38 CST 2016]; root of context hierarchy 
2016-11-18 00:12:47  INFO [AbstractHandlerMethodMapping.java:543]  INFO Mapped "{[/allsons],methods=[GET]}" onto public java.util.List<com.boot.model.po.Son> com.boot.SpringbootdemoApplication.findAllSons() 
2016-11-18 00:12:47  INFO [AbstractHandlerMethodMapping.java:543]  INFO Mapped "{[/allfathers],methods=[GET]}" onto public java.util.List<com.boot.model.po.Father> com.boot.SpringbootdemoApplication.findAllFathers() 
2016-11-18 00:12:47  INFO [AbstractHandlerMethodMapping.java:543]  INFO Mapped "{[/fatherpage],methods=[GET]}" onto public org.springframework.data.domain.Page<com.boot.model.po.Father> com.boot.SpringbootdemoApplication.findFathersByPage() 
2016-11-18 00:12:47  INFO [AbstractHandlerMethodMapping.java:543]  INFO Mapped "{[/fpage],methods=[GET]}" onto public org.springframework.data.domain.Page<com.boot.model.po.Father> com.boot.SpringbootdemoApplication.findFatherByPage() 
2016-11-18 00:12:47  INFO [AbstractHandlerMethodMapping.java:543]  INFO Mapped "{[/f/count],methods=[GET]}" onto public int com.boot.SpringbootdemoApplication.countByFid(java.lang.String) 
2016-11-18 00:12:47  INFO [AbstractHandlerMethodMapping.java:543]  INFO Mapped "{[/s/count],methods=[GET]}" onto public int com.boot.SpringbootdemoApplication.countSonByFid(java.lang.String) 
2016-11-18 00:12:47  INFO [AbstractHandlerMethodMapping.java:543]  INFO Mapped "{[/save/user],methods=[GET]}" onto public java.util.Map com.boot.SpringbootdemoApplication.saveUser() 
2016-11-18 00:12:47  INFO [AbstractHandlerMethodMapping.java:543]  INFO Mapped "{[/save/role],methods=[GET]}" onto public java.util.Map com.boot.SpringbootdemoApplication.saveRole() 
2016-11-18 00:12:47  INFO [AbstractHandlerMethodMapping.java:543]  INFO Mapped "{[/users],methods=[GET]}" onto public java.util.List<com.boot.model.po.User> com.boot.SpringbootdemoApplication.findUser() 
2016-11-18 00:12:47  INFO [AbstractHandlerMethodMapping.java:543]  INFO Mapped "{[/roles],methods=[GET]}" onto public java.util.List<com.boot.model.po.Role> com.boot.SpringbootdemoApplication.findRole() 
2016-11-18 00:12:47  INFO [AbstractHandlerMethodMapping.java:543]  INFO Mapped "{[/person],methods=[GET]}" onto public com.boot.model.po.Person com.boot.SpringbootdemoApplication.getPerson() 
2016-11-18 00:12:47  INFO [AbstractHandlerMethodMapping.java:543]  INFO Mapped "{[/persons],methods=[GET]}" onto public java.util.List<com.boot.model.po.Person> com.boot.SpringbootdemoApplication.getPersons() 
2016-11-18 00:12:47  INFO [AbstractHandlerMethodMapping.java:543]  INFO Mapped "{[/all],methods=[GET]}" onto public java.util.List<com.boot.model.po.Person> com.boot.SpringbootdemoApplication.getAllPerson() 
2016-11-18 00:12:47  INFO [AbstractHandlerMethodMapping.java:543]  INFO Mapped "{[/page],methods=[GET]}" onto public org.springframework.data.domain.Page<com.boot.model.po.Person> com.boot.SpringbootdemoApplication.getPagePerson() 
2016-11-18 00:12:47  INFO [AbstractHandlerMethodMapping.java:543]  INFO Mapped "{[/customPage],methods=[GET]}" onto public org.springframework.data.domain.Page<com.boot.model.po.Person> com.boot.SpringbootdemoApplication.customPage() 
2016-11-18 00:12:47  INFO [AbstractHandlerMethodMapping.java:543]  INFO Mapped "{[/str],methods=[GET]}" onto public java.util.List<com.boot.model.po.Person> com.boot.SpringbootdemoApplication.getStr() 
2016-11-18 00:12:47  INFO [AbstractHandlerMethodMapping.java:543]  INFO Mapped "{[/mongo],methods=[GET]}" onto public java.util.List<com.boot.model.po.Person> com.boot.SpringbootdemoApplication.showMongo() 
2016-11-18 00:12:47  INFO [AbstractHandlerMethodMapping.java:543]  INFO Mapped "{[/mongoPage],methods=[GET]}" onto public org.springframework.data.domain.Page<com.boot.model.po.Person> com.boot.SpringbootdemoApplication.showMongePage() 
2016-11-18 00:12:47  INFO [AbstractHandlerMethodMapping.java:543]  INFO Mapped "{[/redis],methods=[GET]}" onto public java.lang.String com.boot.SpringbootdemoApplication.testRedis() 
2016-11-18 00:12:47  INFO [AbstractHandlerMethodMapping.java:543]  INFO Mapped "{[/objectsRedis],methods=[GET]}" onto public java.util.List<com.boot.model.vo.User> com.boot.SpringbootdemoApplication.objectsRedis() 
2016-11-18 00:12:47  INFO [AbstractHandlerMethodMapping.java:543]  INFO Mapped "{[/objectRedis],methods=[GET]}" onto public java.lang.Long com.boot.SpringbootdemoApplication.objectRedis() 
2016-11-18 00:12:47  INFO [AbstractHandlerMethodMapping.java:543]  INFO Mapped "{[/son],methods=[GET]}" onto public com.boot.model.po.Son com.boot.SpringbootdemoApplication.getSon(java.lang.String) 
2016-11-18 00:12:47  INFO [AbstractHandlerMethodMapping.java:543]  INFO Mapped "{[/saveSon],methods=[GET]}" onto public com.boot.model.po.Son com.boot.SpringbootdemoApplication.saveSon() 
2016-11-18 00:12:47  INFO [AbstractHandlerMethodMapping.java:543]  INFO Mapped "{[/updateSon],methods=[GET]}" onto public com.boot.model.po.Son com.boot.SpringbootdemoApplication.updateSon() 
2016-11-18 00:12:47  INFO [AbstractHandlerMethodMapping.java:543]  INFO Mapped "{[/spectionSon],methods=[GET]}" onto public com.boot.model.po.Son com.boot.SpringbootdemoApplication.getSonSpection(java.lang.String,java.lang.String) 
2016-11-18 00:12:47  INFO [AbstractHandlerMethodMapping.java:543]  INFO Mapped "{[/sonByFid],methods=[GET]}" onto public java.util.List<com.boot.model.po.Son> com.boot.SpringbootdemoApplication.findSonsByFid(java.lang.String) 
2016-11-18 00:12:47  INFO [AbstractHandlerMethodMapping.java:543]  INFO Mapped "{[/int]}" onto public int com.boot.SpringbootdemoApplication.getInt() 
2016-11-18 00:12:47  INFO [AbstractHandlerMethodMapping.java:543]  INFO Mapped "{[/value]}" onto public java.util.Map com.boot.SpringbootdemoApplication.getValue() 
2016-11-18 00:12:47  INFO [AbstractHandlerMethodMapping.java:543]  INFO Mapped "{[/error],produces=[text/html]}" onto public org.springframework.web.servlet.ModelAndView org.springframework.boot.autoconfigure.web.BasicErrorController.errorHtml(javax.servlet.http.HttpServletRequest,javax.servlet.http.HttpServletResponse) 
2016-11-18 00:12:47  INFO [AbstractHandlerMethodMapping.java:543]  INFO Mapped "{[/error]}" onto public org.springframework.http.ResponseEntity<java.util.Map<java.lang.String, java.lang.Object>> org.springframework.boot.autoconfigure.web.BasicErrorController.error(javax.servlet.http.HttpServletRequest) 
2016-11-18 00:12:47  INFO [AbstractUrlHandlerMapping.java:354]  INFO Mapped URL path [/webjars/**] onto handler of type [class org.springframework.web.servlet.resource.ResourceHttpRequestHandler] 
2016-11-18 00:12:47  INFO [AbstractUrlHandlerMapping.java:354]  INFO Mapped URL path [/**] onto handler of type [class org.springframework.web.servlet.resource.ResourceHttpRequestHandler] 
2016-11-18 00:12:48  INFO [AbstractUrlHandlerMapping.java:354]  INFO Mapped URL path [/**/favicon.ico] onto handler of type [class org.springframework.web.servlet.resource.ResourceHttpRequestHandler] 
2016-11-18 00:12:48  WARN [RedisStarterDeprecationWarningAutoConfiguration.java:43]  WARN spring-boot-starter-redis is deprecated as of Spring Boot 1.4, please migrate to spring-boot-starter-data-redis 
2016-11-18 00:12:48  INFO [MBeanExporter.java:431]  INFO Registering beans for JMX exposure on startup 
2016-11-18 00:12:48  INFO [TomcatEmbeddedServletContainer.java:186]  INFO Tomcat started on port(s): 8080 (http) 
2016-11-18 00:12:48  INFO [StartupInfoLogger.java:57]  INFO Started SpringbootdemoApplication in 11.776 seconds (JVM running for 12.479) 
2016-11-18 00:21:22  INFO [AbstractApplicationContext.java:982]  INFO Closing org.springframework.boot.context.embedded.AnnotationConfigEmbeddedWebApplicationContext@443b7951: startup date [Fri Nov 18 00:12:38 CST 2016]; root of context hierarchy 
2016-11-18 00:21:22  INFO [MBeanExporter.java:449]  INFO Unregistering JMX-exposed beans on shutdown 
2016-11-18 00:21:22  INFO [AbstractEntityManagerFactoryBean.java:551]  INFO Closing JPA EntityManagerFactory for persistence unit 'default' 
